\BOOKMARK [1][-]{section*.2}{SONSTIGE}{}% 1
\BOOKMARK [2][-]{section*.3}{Curry Powder}{section*.2}% 2
\BOOKMARK [2][-]{section*.4}{Firehouse Chili Powder}{section*.2}% 3
\BOOKMARK [2][-]{section*.5}{Garam Masala}{section*.2}% 4
\BOOKMARK [2][-]{section*.6}{Gl\374hwein}{section*.2}% 5
\BOOKMARK [2][-]{section*.7}{Italienische Kr\344uter}{section*.2}% 6
\BOOKMARK [2][-]{section*.8}{Mithi Lassi}{section*.2}% 7
\BOOKMARK [1][-]{section*.9}{SALAT}{}% 8
\BOOKMARK [2][-]{section*.10}{24\205Stunden\205Salat}{section*.9}% 9
\BOOKMARK [2][-]{section*.11}{Bulgur\205Tomaten\205Salat Tabuleh}{section*.9}% 10
\BOOKMARK [2][-]{section*.12}{Champignonsalat}{section*.9}% 11
\BOOKMARK [2][-]{section*.13}{Couscous\205Salat mit Orangenso\337e und Chicor\351e}{section*.9}% 12
\BOOKMARK [2][-]{section*.14}{Einfacher Blattsalat mit karamelisierten Waln\374ssen}{section*.9}% 13
\BOOKMARK [2][-]{section*.15}{Fruchtiger Rotkohlsalat}{section*.9}% 14
\BOOKMARK [2][-]{section*.16}{Fr\374hlingsplatte mit Dips}{section*.9}% 15
\BOOKMARK [2][-]{section*.17}{Gebratener Spargelsalat mit Pestovinaigrette}{section*.9}% 16
\BOOKMARK [2][-]{section*.18}{Marinierte Zucchini mit Joghurtdressing}{section*.9}% 17
\BOOKMARK [2][-]{section*.19}{Nudel\205Erbsen\205Salat}{section*.9}% 18
\BOOKMARK [2][-]{section*.20}{Nudel\205Schinken\205Salat}{section*.9}% 19
\BOOKMARK [2][-]{section*.21}{Radicchio-Salat mit Orangen}{section*.9}% 20
\BOOKMARK [2][-]{section*.22}{Rettichsalat mit Harzer K\344se}{section*.9}% 21
\BOOKMARK [2][-]{section*.23}{Rote-Bete-Salat mit N\374ssen}{section*.9}% 22
\BOOKMARK [2][-]{section*.24}{Salat aus roten Linsen}{section*.9}% 23
\BOOKMARK [2][-]{section*.25}{Warmer Kartoffelsalat}{section*.9}% 24
\BOOKMARK [1][-]{section*.26}{VEGETARISCH}{}% 25
\BOOKMARK [2][-]{section*.27}{Allg\344uer K\344sekrapfen auf Tomatenrahm}{section*.26}% 26
\BOOKMARK [2][-]{section*.28}{Birnen\205Gorgonzola\205Quiche}{section*.26}% 27
\BOOKMARK [2][-]{section*.29}{B\344rlauch\205Risotto}{section*.26}% 28
\BOOKMARK [2][-]{section*.30}{Camembert in Bierteig}{section*.26}% 29
\BOOKMARK [2][-]{section*.31}{Emmentaler\205Kr\344uter\205Roulade mit Pilzf\374llung}{section*.26}% 30
\BOOKMARK [2][-]{section*.32}{Feta im Mangoldkleid}{section*.26}% 31
\BOOKMARK [2][-]{section*.33}{Gebackene Zucchini mit Blauschimmelk\344se}{section*.26}% 32
\BOOKMARK [2][-]{section*.34}{Gef\374llte Riesenchampignons}{section*.26}% 33
\BOOKMARK [2][-]{section*.35}{Ger\366stetes Provenzalisches Gem\374se}{section*.26}% 34
\BOOKMARK [2][-]{section*.36}{Goug\350re \(K\344se-Brandteig-Ring\)}{section*.26}% 35
\BOOKMARK [2][-]{section*.37}{Greyerzerroulade mit rotem Paprika}{section*.26}% 36
\BOOKMARK [2][-]{section*.38}{Gr\374nkernlaib mit Blumenkohl}{section*.26}% 37
\BOOKMARK [2][-]{section*.39}{Guntersblumer Spundek\344s}{section*.26}% 38
\BOOKMARK [2][-]{section*.40}{Kartoffelkuchen}{section*.26}% 39
\BOOKMARK [2][-]{section*.41}{K\344se-Mais-Muffins}{section*.26}% 40
\BOOKMARK [2][-]{section*.42}{K\344serouladen-Grundmasse}{section*.26}% 41
\BOOKMARK [2][-]{section*.43}{Linsencurry, indisch}{section*.26}% 42
\BOOKMARK [2][-]{section*.44}{Pilzrisotto}{section*.26}% 43
\BOOKMARK [2][-]{section*.45}{Sherry-Nudeln}{section*.26}% 44
\BOOKMARK [2][-]{section*.46}{Spargelquiche mit Kr\344uterfrischk\344se}{section*.26}% 45
\BOOKMARK [2][-]{section*.47}{Spinat mit Pilzen im Wok}{section*.26}% 46
\BOOKMARK [2][-]{section*.48}{Spinatroulade mit Frischk\344se und Paprikastreifen}{section*.26}% 47
\BOOKMARK [2][-]{section*.49}{Wirsingrouladen mit Graupenf\374llung}{section*.26}% 48
\BOOKMARK [2][-]{section*.50}{Zucchinik\374chlein \(Frittelle di zucchini\)}{section*.26}% 49
\BOOKMARK [2][-]{section*.51}{Zwiebel-Hokkaido-Kuchen - klein und vegetarisch}{section*.26}% 50
\BOOKMARK [1][-]{section*.52}{SUPPE}{}% 51
\BOOKMARK [2][-]{section*.53}{Apfel-Aprikosen-Suppe}{section*.52}% 52
\BOOKMARK [2][-]{section*.54}{Apfel-Curry-Suppe mit H\344hnchen}{section*.52}% 53
\BOOKMARK [2][-]{section*.55}{Chili\205Bohnensuppe}{section*.52}% 54
\BOOKMARK [2][-]{section*.56}{Erbseneintopf}{section*.52}% 55
\BOOKMARK [2][-]{section*.57}{Kalte Kartoffel\205Kohlrabi\205Creme}{section*.52}% 56
\BOOKMARK [2][-]{section*.58}{Kartoffel-Rauke-Suppe}{section*.52}% 57
\BOOKMARK [2][-]{section*.59}{Kichererbsensuppe}{section*.52}% 58
\BOOKMARK [2][-]{section*.60}{Kichererbsensuppe mit Spinat}{section*.52}% 59
\BOOKMARK [2][-]{section*.61}{Klare Erbsensuppe mit Grie\337kl\366\337chen}{section*.52}% 60
\BOOKMARK [2][-]{section*.62}{K\344sesuppe mit Lauch}{section*.52}% 61
\BOOKMARK [2][-]{section*.63}{K\374rbis-Knoblauch-Suppe}{section*.52}% 62
\BOOKMARK [2][-]{section*.64}{K\374rbis-Riesling-Suppe}{section*.52}% 63
\BOOKMARK [2][-]{section*.65}{K\374rbissuppe klassisch}{section*.52}% 64
\BOOKMARK [2][-]{section*.66}{K\374rbissuppe scharf}{section*.52}% 65
\BOOKMARK [2][-]{section*.67}{Linsensuppe mit Orange und Curry}{section*.52}% 66
\BOOKMARK [2][-]{section*.68}{Litauische Rote-Bete-Suppe \(kalt\)}{section*.52}% 67
\BOOKMARK [2][-]{section*.69}{M\366hren\205Ingwer\205Suppe}{section*.52}% 68
\BOOKMARK [2][-]{section*.70}{Ochsenschwanz-Suppe}{section*.52}% 69
\BOOKMARK [2][-]{section*.71}{Pikante Pastinakensuppe}{section*.52}% 70
\BOOKMARK [2][-]{section*.72}{Rote Linsensuppe}{section*.52}% 71
\BOOKMARK [2][-]{section*.73}{Rote Zwiebelsuppe}{section*.52}% 72
\BOOKMARK [2][-]{section*.74}{Rote-Bete-Mango-Suppe}{section*.52}% 73
\BOOKMARK [2][-]{section*.75}{Sauer-scharfe Suppe \(Pekingart\)}{section*.52}% 74
\BOOKMARK [2][-]{section*.76}{Scharfe Tomaten- und Erbsensuppe}{section*.52}% 75
\BOOKMARK [2][-]{section*.77}{Schwedische Gurkensuppe mit Lachs}{section*.52}% 76
\BOOKMARK [2][-]{section*.78}{Tomatierte H\374hnerherzensuppe}{section*.52}% 77
\BOOKMARK [2][-]{section*.79}{Ukrainische Soljanka}{section*.52}% 78
\BOOKMARK [2][-]{section*.80}{Wildkraftbr\374he mit Steinpilzen und Gem\374sejuliennes}{section*.52}% 79
\BOOKMARK [1][-]{section*.81}{NACHTISCH}{}% 80
\BOOKMARK [2][-]{section*.82}{Apfelcrumble}{section*.81}% 81
\BOOKMARK [2][-]{section*.83}{Brat\344pfel mit Nuss-Gelee-F\374llung}{section*.81}% 82
\BOOKMARK [2][-]{section*.84}{Kirschauflauf}{section*.81}% 83
\BOOKMARK [2][-]{section*.85}{Pikante Karamelsauce mit Pfirsichen und Vanilleeis}{section*.81}% 84
\BOOKMARK [2][-]{section*.86}{Pochierte Pfirsiche mit Dickmilch-Kaltschale}{section*.81}% 85
\BOOKMARK [2][-]{section*.87}{Zwiebackauflauf}{section*.81}% 86
\BOOKMARK [1][-]{section*.88}{BEILAGE}{}% 87
\BOOKMARK [2][-]{section*.89}{Apfelrotkohl}{section*.88}% 88
\BOOKMARK [2][-]{section*.90}{Blechgem\374se}{section*.88}% 89
\BOOKMARK [2][-]{section*.91}{Couscous mit D\366rrobst}{section*.88}% 90
\BOOKMARK [2][-]{section*.92}{Ganzer Reis nach arabischer Art}{section*.88}% 91
\BOOKMARK [2][-]{section*.93}{Gnocchi alla romana}{section*.88}% 92
\BOOKMARK [2][-]{section*.94}{Graupen-Risotto}{section*.88}% 93
\BOOKMARK [2][-]{section*.95}{Gr\374ne Bohnen italienisch}{section*.88}% 94
\BOOKMARK [2][-]{section*.96}{Indischer Zitronenreis}{section*.88}% 95
\BOOKMARK [2][-]{section*.97}{Polenta}{section*.88}% 96
\BOOKMARK [2][-]{section*.98}{Rosmarinkartoffeln}{section*.88}% 97
\BOOKMARK [2][-]{section*.99}{Rote Bete-Gratin}{section*.88}% 98
\BOOKMARK [2][-]{section*.100}{Scharfes M\366hrengem\374se}{section*.88}% 99
\BOOKMARK [2][-]{section*.101}{Senf-Kartoffelp\374ree}{section*.88}% 100
\BOOKMARK [2][-]{section*.102}{Senfso\337en-Kartoffeln}{section*.88}% 101
\BOOKMARK [2][-]{section*.103}{Servietten-Olivenkn\366del}{section*.88}% 102
\BOOKMARK [2][-]{section*.104}{Waldpilze mit Majoran}{section*.88}% 103
\BOOKMARK [2][-]{section*.105}{Zerdr\374ckte Pellkartoffeln}{section*.88}% 104
\BOOKMARK [1][-]{section*.106}{DRINK}{}% 105
\BOOKMARK [2][-]{section*.107}{Aufgesetzter}{section*.106}% 106
\BOOKMARK [2][-]{section*.108}{Ayran 1}{section*.106}% 107
\BOOKMARK [2][-]{section*.109}{Ayran 2}{section*.106}% 108
\BOOKMARK [1][-]{section*.110}{PASTA}{}% 109
\BOOKMARK [2][-]{section*.111}{B\344rlauch\205Pesto}{section*.110}% 110
\BOOKMARK [2][-]{section*.112}{Cannelloni di carne \(Cannelloni mit Fleischf\374llung\)}{section*.110}% 111
\BOOKMARK [2][-]{section*.113}{Canneloni mit Pilzf\374llung}{section*.110}% 112
\BOOKMARK [2][-]{section*.114}{Fettuccine all'Alfredo \(Fettuccine mit Alfredos K\344se-Sahne-Sauce\)}{section*.110}% 113
\BOOKMARK [2][-]{section*.115}{Kartoffelgnocchi}{section*.110}% 114
\BOOKMARK [2][-]{section*.116}{K\374rbisgnocchi}{section*.110}% 115
\BOOKMARK [2][-]{section*.117}{Lasagne alla Bolognese \(Lasagne mit Bologneser Sauce\)}{section*.110}% 116
\BOOKMARK [2][-]{section*.118}{Linsenbolognese}{section*.110}% 117
\BOOKMARK [2][-]{section*.119}{Pasta-Grundteig}{section*.110}% 118
\BOOKMARK [2][-]{section*.120}{Pesto di basilico alla Genovese \(Basilikumsauce auf Genuese}{section*.110}% 119
\BOOKMARK [2][-]{section*.121}{Pilz-Puten-Sauce f\374r Pasta}{section*.110}% 120
\BOOKMARK [2][-]{section*.122}{Ravioli alla Potentina \(Ravioli mit Ricotta, Prociutto und Pecorino\)}{section*.110}% 121
\BOOKMARK [2][-]{section*.123}{Ricotta-Spinat-Gnocchi mit Steinpilzrahm \(Malfatti\)}{section*.110}% 122
\BOOKMARK [2][-]{section*.124}{Rosa Tomatensauce}{section*.110}% 123
\BOOKMARK [2][-]{section*.125}{Sugo al burro e pomodoro \(Tomaten-Butter-Sauce\)}{section*.110}% 124
\BOOKMARK [2][-]{section*.126}{Tagliatelle al rag\371 \(Tagliatelle mit Bologneser Sauce\)}{section*.110}% 125
\BOOKMARK [2][-]{section*.127}{Tortelloni bi biete \(Tortelloni mit Mangoldf\374llung\)}{section*.110}% 126
\BOOKMARK [2][-]{section*.128}{Tortelloni di ricotta e prezzemolo \(Tortelloni mit Ricotta-Petersilienf\374llung\)}{section*.110}% 127
\BOOKMARK [1][-]{section*.129}{SAUCE}{}% 128
\BOOKMARK [2][-]{section*.130}{B\351chamelsauce}{section*.129}% 129
\BOOKMARK [2][-]{section*.131}{Curry-Ketchup}{section*.129}% 130
\BOOKMARK [2][-]{section*.132}{Einfache Tomatensauce}{section*.129}% 131
\BOOKMARK [2][-]{section*.133}{Fetak\344seaufstrich}{section*.129}% 132
\BOOKMARK [2][-]{section*.134}{Hummus}{section*.129}% 133
\BOOKMARK [2][-]{section*.135}{Lachsdip}{section*.129}% 134
\BOOKMARK [2][-]{section*.136}{Orangensauce}{section*.129}% 135
\BOOKMARK [2][-]{section*.137}{Paprikasauce}{section*.129}% 136
\BOOKMARK [2][-]{section*.138}{Rotweinsauce}{section*.129}% 137
\BOOKMARK [2][-]{section*.139}{Schnelle Kr\344utersauce}{section*.129}% 138
\BOOKMARK [2][-]{section*.140}{Tomaten und Ricotta - Sauce}{section*.129}% 139
\BOOKMARK [2][-]{section*.141}{Tomatensauce}{section*.129}% 140
\BOOKMARK [2][-]{section*.142}{Zaziki}{section*.129}% 141
\BOOKMARK [1][-]{section*.143}{AUFLAUF}{}% 142
\BOOKMARK [2][-]{section*.144}{Belgischer Rosenkohlauflauf}{section*.143}% 143
\BOOKMARK [2][-]{section*.145}{Blumenkohlauflauf}{section*.143}% 144
\BOOKMARK [2][-]{section*.146}{Kartoffel-Lauch-Auflauf mit Gem\374sebr\374he}{section*.143}% 145
\BOOKMARK [2][-]{section*.147}{Kartoffelgratin}{section*.143}% 146
\BOOKMARK [2][-]{section*.148}{Lauch-Nuss-Auflauf}{section*.143}% 147
\BOOKMARK [2][-]{section*.149}{Pastinaken-K\374rbis-Auflauf}{section*.143}% 148
\BOOKMARK [2][-]{section*.150}{Rosenkohlauflauf mit Pfifferlingen und Pute}{section*.143}% 149
\BOOKMARK [2][-]{section*.151}{Rotbarsch\205Auflauf mit K\344sekruste \(florentinisch\)}{section*.143}% 150
\BOOKMARK [2][-]{section*.152}{Shepherd's Pie}{section*.143}% 151
\BOOKMARK [2][-]{section*.153}{Spanisches Spargelgratin}{section*.143}% 152
\BOOKMARK [2][-]{section*.154}{Zucchini-Auflauf}{section*.143}% 153
\BOOKMARK [2][-]{section*.155}{Zwiebelauflauf}{section*.143}% 154
\BOOKMARK [2][-]{section*.156}{\334berbackene Chicor\351erollen}{section*.143}% 155
\BOOKMARK [1][-]{section*.157}{GEMUESE}{}% 156
\BOOKMARK [2][-]{section*.158}{Blumenkohl mit Schinken\205K\344se\205Sauce}{section*.157}% 157
\BOOKMARK [2][-]{section*.159}{Gef\374llte Kohlrabi I}{section*.157}% 158
\BOOKMARK [2][-]{section*.160}{Gef\374llte Kohlrabi II}{section*.157}% 159
\BOOKMARK [2][-]{section*.161}{Gef\374llter Blumenkohl mit K\344sehaube}{section*.157}% 160
\BOOKMARK [2][-]{section*.162}{Mischpilz-Ragout mit Semmelkn\366deln}{section*.157}% 161
\BOOKMARK [2][-]{section*.163}{Weimarer Zwiebelkuchen}{section*.157}% 162
\BOOKMARK [2][-]{section*.164}{Zwiebel-Hokkaido-Kuchen - gro\337 und mit Speck}{section*.157}% 163
\BOOKMARK [1][-]{section*.165}{GEFLUEGEL}{}% 164
\BOOKMARK [2][-]{section*.166}{Chicken Tikka Masala}{section*.165}% 165
\BOOKMARK [2][-]{section*.167}{Coq au vin \(Burgund\)}{section*.165}% 166
\BOOKMARK [2][-]{section*.168}{Enten\205Curry}{section*.165}% 167
\BOOKMARK [2][-]{section*.169}{Entenkeule mit Lebkuchenkruste}{section*.165}% 168
\BOOKMARK [2][-]{section*.170}{Gefl\374gelragout mit Safran und Blumenkohl}{section*.165}% 169
\BOOKMARK [2][-]{section*.171}{Geschmorte Ente in Rotwein}{section*.165}% 170
\BOOKMARK [2][-]{section*.172}{H\374hnchen mit Oliven, Aprikosen und Feigen}{section*.165}% 171
\BOOKMARK [2][-]{section*.173}{Persisches Safranhuhn}{section*.165}% 172
\BOOKMARK [2][-]{section*.174}{Pute auf portugiesische Art}{section*.165}% 173
\BOOKMARK [2][-]{section*.175}{W\374rzige H\344hnchenspie\337e}{section*.165}% 174
\BOOKMARK [1][-]{section*.176}{FLEISCH}{}% 175
\BOOKMARK [2][-]{section*.177}{Chili con carne}{section*.176}% 176
\BOOKMARK [2][-]{section*.178}{Curry mit Lamm und Spinat}{section*.176}% 177
\BOOKMARK [2][-]{section*.179}{Gef\374llte Schweinelende mit Feigen und Portwein}{section*.176}% 178
\BOOKMARK [2][-]{section*.180}{Hasenpfeffer}{section*.176}% 179
\BOOKMARK [2][-]{section*.181}{Hirschgulasch}{section*.176}% 180
\BOOKMARK [2][-]{section*.182}{Indonesisches Rindfleisch \(Rendang\)}{section*.176}% 181
\BOOKMARK [2][-]{section*.183}{Italienischer Kr\344uterbraten}{section*.176}% 182
\BOOKMARK [2][-]{section*.184}{Kalbsbraten auf Quitten}{section*.176}% 183
\BOOKMARK [2][-]{section*.185}{Lammkeule mit Rotwein}{section*.176}% 184
\BOOKMARK [2][-]{section*.186}{Pilz\205Rollbraten \(polnisch\)}{section*.176}% 185
\BOOKMARK [2][-]{section*.187}{Rinderrouladen mit getrockneten Tomaten}{section*.176}% 186
\BOOKMARK [2][-]{section*.188}{Rindfleisch mit Orangenstreifen}{section*.176}% 187
\BOOKMARK [2][-]{section*.189}{Sauerbraten}{section*.176}% 188
\BOOKMARK [2][-]{section*.190}{Sauerbraten vom Hasen mit gef\374lltem Bratapfel und Schneekartoffeln}{section*.176}% 189
\BOOKMARK [2][-]{section*.191}{Sauerbraten vom Lamm mit dicken Bohnen und Rosmarinkartoffeln}{section*.176}% 190
\BOOKMARK [2][-]{section*.192}{Schweinebraten mit Backpflaumen}{section*.176}% 191
\BOOKMARK [2][-]{section*.193}{Schweinefilet mit roten Zwiebeln}{section*.176}% 192
\BOOKMARK [2][-]{section*.194}{Schweinekarree mit Senfkruste}{section*.176}% 193
\BOOKMARK [2][-]{section*.195}{Schweinemedaillons auf Rosmarinspie\337}{section*.176}% 194
\BOOKMARK [2][-]{section*.196}{S\374\337saures Schweinefleisch}{section*.176}% 195
\BOOKMARK [2][-]{section*.197}{Tims Beef Wellington}{section*.176}% 196
\BOOKMARK [2][-]{section*.198}{Zucchini\205Tomaten\205Gem\374se mit Hirse und Lamm}{section*.176}% 197
\BOOKMARK [2][-]{section*.199}{\334berbackene Medaillons mit Thymianbirnen}{section*.176}% 198
\BOOKMARK [1][-]{section*.200}{FISCH}{}% 199
\BOOKMARK [2][-]{section*.201}{Fenchelnudeln mit Krabbenfleisch}{section*.200}% 200
\BOOKMARK [2][-]{section*.202}{Fischfilet auf Tomaten ged\374nstet mit Kr\344uterreis}{section*.200}% 201
\BOOKMARK [2][-]{section*.203}{Fischfilet auf Tomaten\205Lauch}{section*.200}% 202
\BOOKMARK [2][-]{section*.204}{Rotbarschfilet in Sesamkruste}{section*.200}% 203
\BOOKMARK [0][-]{tit.0}{Stichwortindex}{}% 204
