This is pdfTeX, Version 3.14159265-2.6-1.40.17 (TeX Live 2016) (preloaded format=pdflatex 2016.12.1)  24 JUN 2017 18:30
entering extended mode
 restricted \write18 enabled.
 %&-line parsing enabled.
**cookbook.tex
(./cookbook.tex
LaTeX2e <2016/03/31>
Babel <3.9r> and hyphenation patterns for 83 language(s) loaded.
(./kochbuchkopf.tex
(/usr/local/texlive/2016/texmf-dist/tex/latex/koma-script/scrartcl.cls
Document Class: scrartcl 2016/05/10 v3.20 KOMA-Script document class (article)
(/usr/local/texlive/2016/texmf-dist/tex/latex/koma-script/scrkbase.sty
Package: scrkbase 2016/05/10 v3.20 KOMA-Script package (KOMA-Script-dependent b
asics and keyval usage)

(/usr/local/texlive/2016/texmf-dist/tex/latex/koma-script/scrbase.sty
Package: scrbase 2016/05/10 v3.20 KOMA-Script package (KOMA-Script-independent 
basics and keyval usage)

(/usr/local/texlive/2016/texmf-dist/tex/latex/graphics/keyval.sty
Package: keyval 2014/10/28 v1.15 key=value parser (DPC)
\KV@toks@=\toks14
)
(/usr/local/texlive/2016/texmf-dist/tex/latex/koma-script/scrlfile.sty
Package: scrlfile 2016/05/10 v3.20 KOMA-Script package (loading files)

Package scrlfile, 2016/05/10 v3.20 KOMA-Script package (loading files)
                  Copyright (C) Markus Kohm

))) (/usr/local/texlive/2016/texmf-dist/tex/latex/koma-script/tocbasic.sty
Package: tocbasic 2016/05/10 v3.20 KOMA-Script package (handling toc-files)
\scr@dte@tocline@numberwidth=\skip41
\scr@dte@tocline@numbox=\box26
)
Package tocbasic Info: omitting babel extension for `toc'
(tocbasic)             because of feature `nobabel' available
(tocbasic)             for `toc' on input line 130.
Package tocbasic Info: omitting babel extension for `lof'
(tocbasic)             because of feature `nobabel' available
(tocbasic)             for `lof' on input line 131.
Package tocbasic Info: omitting babel extension for `lot'
(tocbasic)             because of feature `nobabel' available
(tocbasic)             for `lot' on input line 132.
Package scrartcl Info: You've used standard option `12pt'.
(scrartcl)             This is correct!
(scrartcl)             Internally I'm using `fontsize=12pt'.
(scrartcl)             If you'd like to set the option with \KOMAoptions,
(scrartcl)             you'd have to use `fontsize=12pt' there
(scrartcl)             instead of `12pt', too.
Class scrartcl Info: File `scrsize12pt.clo' used to setup font sizes on input l
ine 2051.

(/usr/local/texlive/2016/texmf-dist/tex/latex/koma-script/scrsize12pt.clo
File: scrsize12pt.clo 2016/05/10 v3.20 KOMA-Script font size class option (12pt
)
)
(/usr/local/texlive/2016/texmf-dist/tex/latex/koma-script/typearea.sty
Package: typearea 2016/05/10 v3.20 KOMA-Script package (type area)

Package typearea, 2016/05/10 v3.20 KOMA-Script package (type area)
                  Copyright (C) Frank Neukam, 1992-1994
                  Copyright (C) Markus Kohm, 1994-

\ta@bcor=\skip42
\ta@div=\count79
Package typearea Info: You've used standard option `a4paper'.
(typearea)             This is correct!
(typearea)             Internally I'm using `paper=a4'.
(typearea)             If you'd like to set the option with \KOMAoptions,
(typearea)             you'd have to use `paper=a4' there
(typearea)             instead of `a4paper', too.
\ta@hblk=\skip43
\ta@vblk=\skip44
\ta@temp=\skip45
\footheight=\skip46
Package typearea Info: These are the values describing the layout:
(typearea)             DIV  = 12
(typearea)             BCOR = 0.0pt
(typearea)             \paperwidth      = 597.50793pt
(typearea)              \textwidth      = 448.13095pt
(typearea)              DIV departure   = -6%
(typearea)              \evensidemargin = 27.31467pt
(typearea)              \oddsidemargin  = -22.47766pt
(typearea)             \paperheight     = 845.04694pt
(typearea)              \textheight     = 606.5pt
(typearea)              \topmargin      = -1.84941pt
(typearea)              \headheight     = 18.125pt
(typearea)              \headsep        = 21.75pt
(typearea)              \topskip        = 12.0pt
(typearea)              \footskip       = 50.75pt
(typearea)              \baselineskip   = 14.5pt
(typearea)              on input line 1528.
)
\c@part=\count80
\c@section=\count81
\c@subsection=\count82
\c@subsubsection=\count83
\c@paragraph=\count84
\c@subparagraph=\count85
\scr@dte@part@maxnumwidth=\skip47
\scr@dte@section@maxnumwidth=\skip48
\scr@dte@subsection@maxnumwidth=\skip49
\scr@dte@subsubsection@maxnumwidth=\skip50
\scr@dte@paragraph@maxnumwidth=\skip51
\scr@dte@subparagraph@maxnumwidth=\skip52
LaTeX Info: Redefining \textsubscript on input line 4025.
\abovecaptionskip=\skip53
\belowcaptionskip=\skip54
\c@pti@nb@sid@b@x=\box27
\c@figure=\count86
\c@table=\count87
Class scrartcl Info: Redefining `\numberline' on input line 5012.
\bibindent=\dimen102
) (/usr/local/texlive/2016/texmf-dist/tex/latex/koma-script/scrpage2.sty
Package: scrpage2 2016/05/10 v3.20 KOMA-Script package (page head and foot)
LaTeX Info: Redefining \pagemark on input line 174.
)
(/usr/local/texlive/2016/texmf-dist/tex/generic/german/ngerman.sty
v2.5e 1998-07-08
Package: ngerman 1998/07/08 v2.5e Support for writing german texts (br)
\grmnU@D=\dimen103
ngerman -- \language number for naustrian undefined, default 32 used.
)
(/usr/local/texlive/2016/texmf-dist/tex/latex/tools/multicol.sty
Package: multicol 2016/04/07 v1.8p multicolumn formatting (FMi)
\c@tracingmulticols=\count88
\mult@box=\box28
\multicol@leftmargin=\dimen104
\c@unbalance=\count89
\c@collectmore=\count90
\doublecol@number=\count91
\multicoltolerance=\count92
\multicolpretolerance=\count93
\full@width=\dimen105
\page@free=\dimen106
\premulticols=\dimen107
\postmulticols=\dimen108
\multicolsep=\skip55
\multicolbaselineskip=\skip56
\partial@page=\box29
\last@line=\box30
\maxbalancingoverflow=\dimen109
\mult@rightbox=\box31
\mult@grightbox=\box32
\mult@gfirstbox=\box33
\mult@firstbox=\box34
\@tempa=\box35
\@tempa=\box36
\@tempa=\box37
\@tempa=\box38
\@tempa=\box39
\@tempa=\box40
\@tempa=\box41
\@tempa=\box42
\@tempa=\box43
\@tempa=\box44
\@tempa=\box45
\@tempa=\box46
\@tempa=\box47
\@tempa=\box48
\@tempa=\box49
\@tempa=\box50
\@tempa=\box51
\c@columnbadness=\count94
\c@finalcolumnbadness=\count95
\last@try=\dimen110
\multicolovershoot=\dimen111
\multicolundershoot=\dimen112
\mult@nat@firstbox=\box52
\colbreak@box=\box53
\mc@col@check@num=\count96
)
(/usr/local/texlive/2016/texmf-dist/tex/latex/base/makeidx.sty
Package: makeidx 2014/09/29 v1.0m Standard LaTeX package
)
(/usr/local/texlive/2016/texmf-dist/tex/latex/graphics/graphicx.sty
Package: graphicx 2014/10/28 v1.0g Enhanced LaTeX Graphics (DPC,SPQR)

(/usr/local/texlive/2016/texmf-dist/tex/latex/graphics/graphics.sty
Package: graphics 2016/05/09 v1.0r Standard LaTeX Graphics (DPC,SPQR)

(/usr/local/texlive/2016/texmf-dist/tex/latex/graphics/trig.sty
Package: trig 2016/01/03 v1.10 sin cos tan (DPC)
)
(/usr/local/texlive/2016/texmf-dist/tex/latex/graphics-cfg/graphics.cfg
File: graphics.cfg 2016/01/02 v1.10 sample graphics configuration
)
Package graphics Info: Driver file: pdftex.def on input line 96.

(/usr/local/texlive/2016/texmf-dist/tex/latex/pdftex-def/pdftex.def
File: pdftex.def 2011/05/27 v0.06d Graphics/color for pdfTeX

(/usr/local/texlive/2016/texmf-dist/tex/generic/oberdiek/infwarerr.sty
Package: infwarerr 2016/05/16 v1.4 Providing info/warning/error messages (HO)
)
(/usr/local/texlive/2016/texmf-dist/tex/generic/oberdiek/ltxcmds.sty
Package: ltxcmds 2016/05/16 v1.23 LaTeX kernel commands for general use (HO)
)
\Gread@gobject=\count97
))
\Gin@req@height=\dimen113
\Gin@req@width=\dimen114
)
(/usr/local/texlive/2016/texmf-dist/tex/latex/hyperref/hyperref.sty
Package: hyperref 2016/05/05 v6.83n Hypertext links for LaTeX

(/usr/local/texlive/2016/texmf-dist/tex/generic/oberdiek/hobsub-hyperref.sty
Package: hobsub-hyperref 2016/05/16 v1.14 Bundle oberdiek, subset hyperref (HO)


(/usr/local/texlive/2016/texmf-dist/tex/generic/oberdiek/hobsub-generic.sty
Package: hobsub-generic 2016/05/16 v1.14 Bundle oberdiek, subset generic (HO)
Package: hobsub 2016/05/16 v1.14 Construct package bundles (HO)
Package hobsub Info: Skipping package `infwarerr' (already loaded).
Package hobsub Info: Skipping package `ltxcmds' (already loaded).
Package: ifluatex 2016/05/16 v1.4 Provides the ifluatex switch (HO)
Package ifluatex Info: LuaTeX not detected.
Package: ifvtex 2016/05/16 v1.6 Detect VTeX and its facilities (HO)
Package ifvtex Info: VTeX not detected.
Package: intcalc 2016/05/16 v1.2 Expandable calculations with integers (HO)
Package: ifpdf 2016/05/14 v3.1 Provides the ifpdf switch
Package: etexcmds 2016/05/16 v1.6 Avoid name clashes with e-TeX commands (HO)
Package etexcmds Info: Could not find \expanded.
(etexcmds)             That can mean that you are not using pdfTeX 1.50 or
(etexcmds)             that some package has redefined \expanded.
(etexcmds)             In the latter case, load this package earlier.
Package: kvsetkeys 2016/05/16 v1.17 Key value parser (HO)
Package: kvdefinekeys 2016/05/16 v1.4 Define keys (HO)
Package: pdftexcmds 2016/05/10 v0.21 Utility functions of pdfTeX for LuaTeX (HO
)
Package pdftexcmds Info: LuaTeX not detected.
Package pdftexcmds Info: \pdf@primitive is available.
Package pdftexcmds Info: \pdf@ifprimitive is available.
Package pdftexcmds Info: \pdfdraftmode found.
Package: pdfescape 2016/05/16 v1.14 Implements pdfTeX's escape features (HO)
Package: bigintcalc 2016/05/16 v1.4 Expandable calculations on big integers (HO
)
Package: bitset 2016/05/16 v1.2 Handle bit-vector datatype (HO)
Package: uniquecounter 2016/05/16 v1.3 Provide unlimited unique counter (HO)
)
Package hobsub Info: Skipping package `hobsub' (already loaded).
Package: letltxmacro 2016/05/16 v1.5 Let assignment for LaTeX macros (HO)
Package: hopatch 2016/05/16 v1.3 Wrapper for package hooks (HO)
Package: xcolor-patch 2016/05/16 xcolor patch
Package: atveryend 2016/05/16 v1.9 Hooks at the very end of document (HO)
Package atveryend Info: \enddocument detected (standard20110627).
Package: atbegshi 2016/05/16 v1.17 At begin shipout hook (HO)
Package: refcount 2016/05/16 v3.5 Data extraction from label references (HO)
Package: hycolor 2016/05/16 v1.8 Color options for hyperref/bookmark (HO)
)
(/usr/local/texlive/2016/texmf-dist/tex/generic/ifxetex/ifxetex.sty
Package: ifxetex 2010/09/12 v0.6 Provides ifxetex conditional
)
(/usr/local/texlive/2016/texmf-dist/tex/latex/oberdiek/auxhook.sty
Package: auxhook 2016/05/16 v1.4 Hooks for auxiliary files (HO)
)
(/usr/local/texlive/2016/texmf-dist/tex/latex/oberdiek/kvoptions.sty
Package: kvoptions 2016/05/16 v3.12 Key value format for package options (HO)
)
\@linkdim=\dimen115
\Hy@linkcounter=\count98
\Hy@pagecounter=\count99

(/usr/local/texlive/2016/texmf-dist/tex/latex/hyperref/pd1enc.def
File: pd1enc.def 2016/05/05 v6.83n Hyperref: PDFDocEncoding definition (HO)
)
\Hy@SavedSpaceFactor=\count100

(/usr/local/texlive/2016/texmf-dist/tex/latex/latexconfig/hyperref.cfg
File: hyperref.cfg 2002/06/06 v1.2 hyperref configuration of TeXLive
)
Package hyperref Info: Hyper figures OFF on input line 4446.
Package hyperref Info: Link nesting OFF on input line 4451.
Package hyperref Info: Hyper index ON on input line 4454.
Package hyperref Info: Plain pages OFF on input line 4461.
Package hyperref Info: Backreferencing OFF on input line 4466.
Package hyperref Info: Implicit mode ON; LaTeX internals redefined.
Package hyperref Info: Bookmarks ON on input line 4691.
\c@Hy@tempcnt=\count101

(/usr/local/texlive/2016/texmf-dist/tex/latex/url/url.sty
\Urlmuskip=\muskip10
Package: url 2013/09/16  ver 3.4  Verb mode for urls, etc.
)
LaTeX Info: Redefining \url on input line 5044.
\XeTeXLinkMargin=\dimen116
\Fld@menulength=\count102
\Field@Width=\dimen117
\Fld@charsize=\dimen118
Package hyperref Info: Hyper figures OFF on input line 6298.
Package hyperref Info: Link nesting OFF on input line 6303.
Package hyperref Info: Hyper index ON on input line 6306.
Package hyperref Info: backreferencing OFF on input line 6313.
Package hyperref Info: Link coloring OFF on input line 6318.
Package hyperref Info: Link coloring with OCG OFF on input line 6323.
Package hyperref Info: PDF/A mode OFF on input line 6328.
LaTeX Info: Redefining \ref on input line 6368.
LaTeX Info: Redefining \pageref on input line 6372.
\Hy@abspage=\count103
\c@Item=\count104
\c@Hfootnote=\count105
)

Package hyperref Message: Driver (autodetected): hpdftex.

(/usr/local/texlive/2016/texmf-dist/tex/latex/hyperref/hpdftex.def
File: hpdftex.def 2016/05/05 v6.83n Hyperref driver for pdfTeX
\Fld@listcount=\count106
\c@bookmark@seq@number=\count107

(/usr/local/texlive/2016/texmf-dist/tex/latex/oberdiek/rerunfilecheck.sty
Package: rerunfilecheck 2016/05/16 v1.8 Rerun checks for auxiliary files (HO)
Package uniquecounter Info: New unique counter `rerunfilecheck' on input line 2
82.
)
\Hy@SectionHShift=\skip57
)
(/usr/local/texlive/2016/texmf-dist/tex/latex/base/ifthen.sty
Package: ifthen 2014/09/29 v1.1c Standard LaTeX ifthen package (DPC)
)
(/usr/local/texlive/2016/texmf-dist/tex/latex/geometry/geometry.sty
Package: geometry 2010/09/12 v5.6 Page Geometry
\Gm@cnth=\count108
\Gm@cntv=\count109
\c@Gm@tempcnt=\count110
\Gm@bindingoffset=\dimen119
\Gm@wd@mp=\dimen120
\Gm@odd@mp=\dimen121
\Gm@even@mp=\dimen122
\Gm@layoutwidth=\dimen123
\Gm@layoutheight=\dimen124
\Gm@layouthoffset=\dimen125
\Gm@layoutvoffset=\dimen126
\Gm@dimlist=\toks15
)
(/usr/local/texlive/2016/texmf-dist/tex/latex/base/inputenc.sty
Package: inputenc 2015/03/17 v1.2c Input encoding file
\inpenc@prehook=\toks16
\inpenc@posthook=\toks17

(/usr/local/texlive/2016/texmf-dist/tex/latex/base/utf8.def
File: utf8.def 2016/02/28 v1.1s UTF-8 support for inputenc
Now handling font encoding OML ...
... no UTF-8 mapping file for font encoding OML
Now handling font encoding T1 ...
... processing UTF-8 mapping file for font encoding T1

(/usr/local/texlive/2016/texmf-dist/tex/latex/base/t1enc.dfu
File: t1enc.dfu 2016/02/28 v1.1s UTF-8 support for inputenc
   defining Unicode char U+00A0 (decimal 160)
   defining Unicode char U+00A1 (decimal 161)
   defining Unicode char U+00A3 (decimal 163)
   defining Unicode char U+00AB (decimal 171)
   defining Unicode char U+00AD (decimal 173)
   defining Unicode char U+00BB (decimal 187)
   defining Unicode char U+00BF (decimal 191)
   defining Unicode char U+00C0 (decimal 192)
   defining Unicode char U+00C1 (decimal 193)
   defining Unicode char U+00C2 (decimal 194)
   defining Unicode char U+00C3 (decimal 195)
   defining Unicode char U+00C4 (decimal 196)
   defining Unicode char U+00C5 (decimal 197)
   defining Unicode char U+00C6 (decimal 198)
   defining Unicode char U+00C7 (decimal 199)
   defining Unicode char U+00C8 (decimal 200)
   defining Unicode char U+00C9 (decimal 201)
   defining Unicode char U+00CA (decimal 202)
   defining Unicode char U+00CB (decimal 203)
   defining Unicode char U+00CC (decimal 204)
   defining Unicode char U+00CD (decimal 205)
   defining Unicode char U+00CE (decimal 206)
   defining Unicode char U+00CF (decimal 207)
   defining Unicode char U+00D0 (decimal 208)
   defining Unicode char U+00D1 (decimal 209)
   defining Unicode char U+00D2 (decimal 210)
   defining Unicode char U+00D3 (decimal 211)
   defining Unicode char U+00D4 (decimal 212)
   defining Unicode char U+00D5 (decimal 213)
   defining Unicode char U+00D6 (decimal 214)
   defining Unicode char U+00D8 (decimal 216)
   defining Unicode char U+00D9 (decimal 217)
   defining Unicode char U+00DA (decimal 218)
   defining Unicode char U+00DB (decimal 219)
   defining Unicode char U+00DC (decimal 220)
   defining Unicode char U+00DD (decimal 221)
   defining Unicode char U+00DE (decimal 222)
   defining Unicode char U+00DF (decimal 223)
   defining Unicode char U+00E0 (decimal 224)
   defining Unicode char U+00E1 (decimal 225)
   defining Unicode char U+00E2 (decimal 226)
   defining Unicode char U+00E3 (decimal 227)
   defining Unicode char U+00E4 (decimal 228)
   defining Unicode char U+00E5 (decimal 229)
   defining Unicode char U+00E6 (decimal 230)
   defining Unicode char U+00E7 (decimal 231)
   defining Unicode char U+00E8 (decimal 232)
   defining Unicode char U+00E9 (decimal 233)
   defining Unicode char U+00EA (decimal 234)
   defining Unicode char U+00EB (decimal 235)
   defining Unicode char U+00EC (decimal 236)
   defining Unicode char U+00ED (decimal 237)
   defining Unicode char U+00EE (decimal 238)
   defining Unicode char U+00EF (decimal 239)
   defining Unicode char U+00F0 (decimal 240)
   defining Unicode char U+00F1 (decimal 241)
   defining Unicode char U+00F2 (decimal 242)
   defining Unicode char U+00F3 (decimal 243)
   defining Unicode char U+00F4 (decimal 244)
   defining Unicode char U+00F5 (decimal 245)
   defining Unicode char U+00F6 (decimal 246)
   defining Unicode char U+00F8 (decimal 248)
   defining Unicode char U+00F9 (decimal 249)
   defining Unicode char U+00FA (decimal 250)
   defining Unicode char U+00FB (decimal 251)
   defining Unicode char U+00FC (decimal 252)
   defining Unicode char U+00FD (decimal 253)
   defining Unicode char U+00FE (decimal 254)
   defining Unicode char U+00FF (decimal 255)
   defining Unicode char U+0100 (decimal 256)
   defining Unicode char U+0101 (decimal 257)
   defining Unicode char U+0102 (decimal 258)
   defining Unicode char U+0103 (decimal 259)
   defining Unicode char U+0104 (decimal 260)
   defining Unicode char U+0105 (decimal 261)
   defining Unicode char U+0106 (decimal 262)
   defining Unicode char U+0107 (decimal 263)
   defining Unicode char U+0108 (decimal 264)
   defining Unicode char U+0109 (decimal 265)
   defining Unicode char U+010A (decimal 266)
   defining Unicode char U+010B (decimal 267)
   defining Unicode char U+010C (decimal 268)
   defining Unicode char U+010D (decimal 269)
   defining Unicode char U+010E (decimal 270)
   defining Unicode char U+010F (decimal 271)
   defining Unicode char U+0110 (decimal 272)
   defining Unicode char U+0111 (decimal 273)
   defining Unicode char U+0112 (decimal 274)
   defining Unicode char U+0113 (decimal 275)
   defining Unicode char U+0114 (decimal 276)
   defining Unicode char U+0115 (decimal 277)
   defining Unicode char U+0116 (decimal 278)
   defining Unicode char U+0117 (decimal 279)
   defining Unicode char U+0118 (decimal 280)
   defining Unicode char U+0119 (decimal 281)
   defining Unicode char U+011A (decimal 282)
   defining Unicode char U+011B (decimal 283)
   defining Unicode char U+011C (decimal 284)
   defining Unicode char U+011D (decimal 285)
   defining Unicode char U+011E (decimal 286)
   defining Unicode char U+011F (decimal 287)
   defining Unicode char U+0120 (decimal 288)
   defining Unicode char U+0121 (decimal 289)
   defining Unicode char U+0122 (decimal 290)
   defining Unicode char U+0123 (decimal 291)
   defining Unicode char U+0124 (decimal 292)
   defining Unicode char U+0125 (decimal 293)
   defining Unicode char U+0128 (decimal 296)
   defining Unicode char U+0129 (decimal 297)
   defining Unicode char U+012A (decimal 298)
   defining Unicode char U+012B (decimal 299)
   defining Unicode char U+012C (decimal 300)
   defining Unicode char U+012D (decimal 301)
   defining Unicode char U+012E (decimal 302)
   defining Unicode char U+012F (decimal 303)
   defining Unicode char U+0130 (decimal 304)
   defining Unicode char U+0131 (decimal 305)
   defining Unicode char U+0132 (decimal 306)
   defining Unicode char U+0133 (decimal 307)
   defining Unicode char U+0134 (decimal 308)
   defining Unicode char U+0135 (decimal 309)
   defining Unicode char U+0136 (decimal 310)
   defining Unicode char U+0137 (decimal 311)
   defining Unicode char U+0139 (decimal 313)
   defining Unicode char U+013A (decimal 314)
   defining Unicode char U+013B (decimal 315)
   defining Unicode char U+013C (decimal 316)
   defining Unicode char U+013D (decimal 317)
   defining Unicode char U+013E (decimal 318)
   defining Unicode char U+0141 (decimal 321)
   defining Unicode char U+0142 (decimal 322)
   defining Unicode char U+0143 (decimal 323)
   defining Unicode char U+0144 (decimal 324)
   defining Unicode char U+0145 (decimal 325)
   defining Unicode char U+0146 (decimal 326)
   defining Unicode char U+0147 (decimal 327)
   defining Unicode char U+0148 (decimal 328)
   defining Unicode char U+014A (decimal 330)
   defining Unicode char U+014B (decimal 331)
   defining Unicode char U+014C (decimal 332)
   defining Unicode char U+014D (decimal 333)
   defining Unicode char U+014E (decimal 334)
   defining Unicode char U+014F (decimal 335)
   defining Unicode char U+0150 (decimal 336)
   defining Unicode char U+0151 (decimal 337)
   defining Unicode char U+0152 (decimal 338)
   defining Unicode char U+0153 (decimal 339)
   defining Unicode char U+0154 (decimal 340)
   defining Unicode char U+0155 (decimal 341)
   defining Unicode char U+0156 (decimal 342)
   defining Unicode char U+0157 (decimal 343)
   defining Unicode char U+0158 (decimal 344)
   defining Unicode char U+0159 (decimal 345)
   defining Unicode char U+015A (decimal 346)
   defining Unicode char U+015B (decimal 347)
   defining Unicode char U+015C (decimal 348)
   defining Unicode char U+015D (decimal 349)
   defining Unicode char U+015E (decimal 350)
   defining Unicode char U+015F (decimal 351)
   defining Unicode char U+0160 (decimal 352)
   defining Unicode char U+0161 (decimal 353)
   defining Unicode char U+0162 (decimal 354)
   defining Unicode char U+0163 (decimal 355)
   defining Unicode char U+0164 (decimal 356)
   defining Unicode char U+0165 (decimal 357)
   defining Unicode char U+0168 (decimal 360)
   defining Unicode char U+0169 (decimal 361)
   defining Unicode char U+016A (decimal 362)
   defining Unicode char U+016B (decimal 363)
   defining Unicode char U+016C (decimal 364)
   defining Unicode char U+016D (decimal 365)
   defining Unicode char U+016E (decimal 366)
   defining Unicode char U+016F (decimal 367)
   defining Unicode char U+0170 (decimal 368)
   defining Unicode char U+0171 (decimal 369)
   defining Unicode char U+0172 (decimal 370)
   defining Unicode char U+0173 (decimal 371)
   defining Unicode char U+0174 (decimal 372)
   defining Unicode char U+0175 (decimal 373)
   defining Unicode char U+0176 (decimal 374)
   defining Unicode char U+0177 (decimal 375)
   defining Unicode char U+0178 (decimal 376)
   defining Unicode char U+0179 (decimal 377)
   defining Unicode char U+017A (decimal 378)
   defining Unicode char U+017B (decimal 379)
   defining Unicode char U+017C (decimal 380)
   defining Unicode char U+017D (decimal 381)
   defining Unicode char U+017E (decimal 382)
   defining Unicode char U+01CD (decimal 461)
   defining Unicode char U+01CE (decimal 462)
   defining Unicode char U+01CF (decimal 463)
   defining Unicode char U+01D0 (decimal 464)
   defining Unicode char U+01D1 (decimal 465)
   defining Unicode char U+01D2 (decimal 466)
   defining Unicode char U+01D3 (decimal 467)
   defining Unicode char U+01D4 (decimal 468)
   defining Unicode char U+01E2 (decimal 482)
   defining Unicode char U+01E3 (decimal 483)
   defining Unicode char U+01E6 (decimal 486)
   defining Unicode char U+01E7 (decimal 487)
   defining Unicode char U+01E8 (decimal 488)
   defining Unicode char U+01E9 (decimal 489)
   defining Unicode char U+01EA (decimal 490)
   defining Unicode char U+01EB (decimal 491)
   defining Unicode char U+01F0 (decimal 496)
   defining Unicode char U+01F4 (decimal 500)
   defining Unicode char U+01F5 (decimal 501)
   defining Unicode char U+0218 (decimal 536)
   defining Unicode char U+0219 (decimal 537)
   defining Unicode char U+021A (decimal 538)
   defining Unicode char U+021B (decimal 539)
   defining Unicode char U+1E02 (decimal 7682)
   defining Unicode char U+1E03 (decimal 7683)
   defining Unicode char U+200C (decimal 8204)
   defining Unicode char U+2010 (decimal 8208)
   defining Unicode char U+2011 (decimal 8209)
   defining Unicode char U+2012 (decimal 8210)
   defining Unicode char U+2013 (decimal 8211)
   defining Unicode char U+2014 (decimal 8212)
   defining Unicode char U+2015 (decimal 8213)
   defining Unicode char U+2018 (decimal 8216)
   defining Unicode char U+2019 (decimal 8217)
   defining Unicode char U+201A (decimal 8218)
   defining Unicode char U+201C (decimal 8220)
   defining Unicode char U+201D (decimal 8221)
   defining Unicode char U+201E (decimal 8222)
   defining Unicode char U+2030 (decimal 8240)
   defining Unicode char U+2031 (decimal 8241)
   defining Unicode char U+2039 (decimal 8249)
   defining Unicode char U+203A (decimal 8250)
   defining Unicode char U+2423 (decimal 9251)
)
Now handling font encoding OT1 ...
... processing UTF-8 mapping file for font encoding OT1

(/usr/local/texlive/2016/texmf-dist/tex/latex/base/ot1enc.dfu
File: ot1enc.dfu 2016/02/28 v1.1s UTF-8 support for inputenc
   defining Unicode char U+00A0 (decimal 160)
   defining Unicode char U+00A1 (decimal 161)
   defining Unicode char U+00A3 (decimal 163)
   defining Unicode char U+00AD (decimal 173)
   defining Unicode char U+00B8 (decimal 184)
   defining Unicode char U+00BF (decimal 191)
   defining Unicode char U+00C5 (decimal 197)
   defining Unicode char U+00C6 (decimal 198)
   defining Unicode char U+00D8 (decimal 216)
   defining Unicode char U+00DF (decimal 223)
   defining Unicode char U+00E6 (decimal 230)
   defining Unicode char U+00EC (decimal 236)
   defining Unicode char U+00ED (decimal 237)
   defining Unicode char U+00EE (decimal 238)
   defining Unicode char U+00EF (decimal 239)
   defining Unicode char U+00F8 (decimal 248)
   defining Unicode char U+0131 (decimal 305)
   defining Unicode char U+0141 (decimal 321)
   defining Unicode char U+0142 (decimal 322)
   defining Unicode char U+0152 (decimal 338)
   defining Unicode char U+0153 (decimal 339)
   defining Unicode char U+0174 (decimal 372)
   defining Unicode char U+0175 (decimal 373)
   defining Unicode char U+0176 (decimal 374)
   defining Unicode char U+0177 (decimal 375)
   defining Unicode char U+0218 (decimal 536)
   defining Unicode char U+0219 (decimal 537)
   defining Unicode char U+021A (decimal 538)
   defining Unicode char U+021B (decimal 539)
   defining Unicode char U+2013 (decimal 8211)
   defining Unicode char U+2014 (decimal 8212)
   defining Unicode char U+2018 (decimal 8216)
   defining Unicode char U+2019 (decimal 8217)
   defining Unicode char U+201C (decimal 8220)
   defining Unicode char U+201D (decimal 8221)
)
Now handling font encoding OMS ...
... processing UTF-8 mapping file for font encoding OMS

(/usr/local/texlive/2016/texmf-dist/tex/latex/base/omsenc.dfu
File: omsenc.dfu 2016/02/28 v1.1s UTF-8 support for inputenc
   defining Unicode char U+00A7 (decimal 167)
   defining Unicode char U+00B6 (decimal 182)
   defining Unicode char U+00B7 (decimal 183)
   defining Unicode char U+2020 (decimal 8224)
   defining Unicode char U+2021 (decimal 8225)
   defining Unicode char U+2022 (decimal 8226)
)
Now handling font encoding OMX ...
... no UTF-8 mapping file for font encoding OMX
Now handling font encoding U ...
... no UTF-8 mapping file for font encoding U
Now handling font encoding PD1 ...
... no UTF-8 mapping file for font encoding PD1
   defining Unicode char U+00A9 (decimal 169)
   defining Unicode char U+00AA (decimal 170)
   defining Unicode char U+00AE (decimal 174)
   defining Unicode char U+00BA (decimal 186)
   defining Unicode char U+02C6 (decimal 710)
   defining Unicode char U+02DC (decimal 732)
   defining Unicode char U+200C (decimal 8204)
   defining Unicode char U+2026 (decimal 8230)
   defining Unicode char U+2122 (decimal 8482)
   defining Unicode char U+2423 (decimal 9251)
))
Package hyperref Info: Option `colorlinks' set `true' on input line 11.
Package hyperref Info: Option `breaklinks' set `true' on input line 11.
Package hyperref Info: Option `bookmarksnumbered' set `true' on input line 11.
\@indexfile=\write3
\openout3 = `cookbook.idx'.


Writing index file cookbook.idx
\halbeseite=\skip58
\seite=\skip59
) (./cookbook_input.tex (./cookbook.aux)
\openout1 = `cookbook.aux'.

LaTeX Font Info:    Checking defaults for OML/cmm/m/it on input line 3.
LaTeX Font Info:    ... okay on input line 3.
LaTeX Font Info:    Checking defaults for T1/cmr/m/n on input line 3.
LaTeX Font Info:    ... okay on input line 3.
LaTeX Font Info:    Checking defaults for OT1/cmr/m/n on input line 3.
LaTeX Font Info:    ... okay on input line 3.
LaTeX Font Info:    Checking defaults for OMS/cmsy/m/n on input line 3.
LaTeX Font Info:    ... okay on input line 3.
LaTeX Font Info:    Checking defaults for OMX/cmex/m/n on input line 3.
LaTeX Font Info:    ... okay on input line 3.
LaTeX Font Info:    Checking defaults for U/cmr/m/n on input line 3.
LaTeX Font Info:    ... okay on input line 3.
LaTeX Font Info:    Checking defaults for PD1/pdf/m/n on input line 3.
LaTeX Font Info:    ... okay on input line 3.

(/usr/local/texlive/2016/texmf-dist/tex/context/base/mkii/supp-pdf.mkii
[Loading MPS to PDF converter (version 2006.09.02).]
\scratchcounter=\count111
\scratchdimen=\dimen127
\scratchbox=\box54
\nofMPsegments=\count112
\nofMParguments=\count113
\everyMPshowfont=\toks18
\MPscratchCnt=\count114
\MPscratchDim=\dimen128
\MPnumerator=\count115
\makeMPintoPDFobject=\count116
\everyMPtoPDFconversion=\toks19
) (/usr/local/texlive/2016/texmf-dist/tex/latex/oberdiek/epstopdf-base.sty
Package: epstopdf-base 2016/05/15 v2.6 Base part for package epstopdf

(/usr/local/texlive/2016/texmf-dist/tex/latex/oberdiek/grfext.sty
Package: grfext 2016/05/16 v1.2 Manage graphics extensions (HO)
)
Package grfext Info: Graphics extension search list:
(grfext)             [.png,.pdf,.jpg,.mps,.jpeg,.jbig2,.jb2,.PNG,.PDF,.JPG,.JPE
G,.JBIG2,.JB2,.eps]
(grfext)             \AppendGraphicsExtensions on input line 456.

(/usr/local/texlive/2016/texmf-dist/tex/latex/latexconfig/epstopdf-sys.cfg
File: epstopdf-sys.cfg 2010/07/13 v1.3 Configuration of (r)epstopdf for TeX Liv
e
))
\AtBeginShipoutBox=\box55

(/usr/local/texlive/2016/texmf-dist/tex/latex/graphics/color.sty
Package: color 2016/05/09 v1.1c Standard LaTeX Color (DPC)

(/usr/local/texlive/2016/texmf-dist/tex/latex/graphics-cfg/color.cfg
File: color.cfg 2016/01/02 v1.6 sample color configuration
)
Package color Info: Driver file: pdftex.def on input line 144.
)
Package hyperref Info: Link coloring ON on input line 3.

(/usr/local/texlive/2016/texmf-dist/tex/latex/hyperref/nameref.sty
Package: nameref 2012/10/27 v2.43 Cross-referencing by name of section

(/usr/local/texlive/2016/texmf-dist/tex/generic/oberdiek/gettitlestring.sty
Package: gettitlestring 2016/05/16 v1.5 Cleanup title references (HO)
)
\c@section@level=\count117
)
LaTeX Info: Redefining \ref on input line 3.
LaTeX Info: Redefining \pageref on input line 3.
LaTeX Info: Redefining \nameref on input line 3.

(./cookbook.out) (./cookbook.out)
\@outlinefile=\write4
\openout4 = `cookbook.out'.


*geometry* driver: auto-detecting
*geometry* detected driver: pdftex
*geometry* verbose mode - [ preamble ] result:
* driver: pdftex
* paper: a4paper
* layout: <same size as paper>
* layoutoffset:(h,v)=(0.0pt,0.0pt)
* modes: twoside 
* h-part:(L,W,R)=(56.9055pt, 483.69687pt, 56.9055pt)
* v-part:(T,H,B)=(62.59605pt, 719.85474pt, 62.59605pt)
* \paperwidth=597.50787pt
* \paperheight=845.04684pt
* \textwidth=483.69687pt
* \textheight=719.85474pt
* \oddsidemargin=-15.36449pt
* \evensidemargin=-15.36449pt
* \topmargin=-49.54893pt
* \headheight=18.125pt
* \headsep=21.75pt
* \topskip=12.0pt
* \footskip=50.75pt
* \marginparwidth=74.68849pt
* \marginparsep=12.8401pt
* \columnsep=10.0pt
* \skip\footins=10.8pt plus 4.0pt minus 2.0pt
* \hoffset=0.0pt
* \voffset=0.0pt
* \mag=1000
* \@twocolumnfalse
* \@twosidetrue
* \@mparswitchtrue
* \@reversemarginfalse
* (1in=72.27pt=25.4mm, 1cm=28.453pt)

LaTeX Font Info:    External font `cmex10' loaded for size
(Font)              <17.28> on input line 5.
LaTeX Font Info:    External font `cmex10' loaded for size
(Font)              <12> on input line 5.
[1

{/usr/local/texlive/2016/texmf-var/fonts/map/pdftex/updmap/pdftex.map}]
(./cookbook.toc
LaTeX Font Info:    External font `cmex10' loaded for size
(Font)              <8> on input line 2.
LaTeX Font Info:    External font `cmex10' loaded for size
(Font)              <6> on input line 2.
 [2] [3] [4] [5]
Overfull \hbox (1.58777pt too wide) detected at line 199
 []\OT1/cmss/bx/n/12 111
 []

)
\tf@toc=\write5
\openout5 = `cookbook.toc'.

 [6] [7] [8] [9] [10]
<image/cookbook_1.jpg, id=1077, 259.97125pt x 162.6075pt>
File: image/cookbook_1.jpg Graphic file (type jpg)

<use image/cookbook_1.jpg>
Package pdftex.def Info: image/cookbook_1.jpg used on input line 626.
(pdftex.def)             Requested size: 238.84843pt x 149.39478pt.

Overfull \hbox (3.5pt too wide) in paragraph at lines 626--626
 [] 
 []

[11] <image/cookbook_2.jpg, id=1083, 259.97125pt x 162.6075pt>
File: image/cookbook_2.jpg Graphic file (type jpg)

<use image/cookbook_2.jpg>
Package pdftex.def Info: image/cookbook_2.jpg used on input line 671.
(pdftex.def)             Requested size: 238.84843pt x 149.39478pt.

Overfull \hbox (3.5pt too wide) in paragraph at lines 671--671
 [] 
 []

[12 <./image/cookbook_1.jpg> <./image/cookbook_2.jpg>] [13] [14] [15] [16]
[17] [18] [19] [20]
Underfull \hbox (badness 6364) in paragraph at lines 1513--1513
[]\OT1/cmr/m/n/12 Rouladengrundmasse mit Greyer-zer oh-ne
 []

[21] [22] [23] <image/cookbook_3.jpg, id=1136, 112.9821pt x 107.9232pt>
File: image/cookbook_3.jpg Graphic file (type jpg)

<use image/cookbook_3.jpg>
Package pdftex.def Info: image/cookbook_3.jpg used on input line 1848.
(pdftex.def)             Requested size: 112.98181pt x 107.92786pt.
 [24] [25 <./image/cookbook_3.jpg>] [26] [27]
[28] [29] [30] [31] [32] [33] [34] [35] [36] [37] [38] [39] [40] [41] [42]
[43] [44] [45] [46] [47] [48] [49] [50] [51]
<image/cookbook_4.jpg, id=1255, 175.65625pt x 132.495pt>
File: image/cookbook_4.jpg Graphic file (type jpg)

<use image/cookbook_4.jpg>
Package pdftex.def Info: image/cookbook_4.jpg used on input line 4421.
(pdftex.def)             Requested size: 175.6558pt x 132.50476pt.
 [52]
<image/cookbook_5.jpg, id=1260, 259.97125pt x 144.54pt>
File: image/cookbook_5.jpg Graphic file (type jpg)

<use image/cookbook_5.jpg>
Package pdftex.def Info: image/cookbook_5.jpg used on input line 4472.
(pdftex.def)             Requested size: 238.84843pt x 132.79533pt.

Overfull \hbox (3.5pt too wide) in paragraph at lines 4472--4472
 [] 
 []

[53 <./image/cookbook_4.jpg> <./image/cookbook_5.jpg>] [54] [55] [56] [57]
[58] [59] [60] <image/cookbook_6.jpg, id=1295, 216.81pt x 134.5025pt>
File: image/cookbook_6.jpg Graphic file (type jpg)

<use image/cookbook_6.jpg>
Package pdftex.def Info: image/cookbook_6.jpg used on input line 5122.
(pdftex.def)             Requested size: 216.80946pt x 134.5083pt.

<image/cookbook_7.jpg, id=1296, 394.47375pt x 234.8775pt>
File: image/cookbook_7.jpg Graphic file (type jpg)

<use image/cookbook_7.jpg>
Package pdftex.def Info: image/cookbook_7.jpg used on input line 5175.
(pdftex.def)             Requested size: 238.84843pt x 142.21422pt.

Overfull \hbox (3.5pt too wide) in paragraph at lines 5175--5175
 [] 
 []

[61 <./image/cookbook_6.jpg>] [62 <./image/cookbook_7.jpg>]
<image/cookbook_8.jpg, id=1306, 216.81pt x 136.51pt>
File: image/cookbook_8.jpg Graphic file (type jpg)

<use image/cookbook_8.jpg>
Package pdftex.def Info: image/cookbook_8.jpg used on input line 5279.
(pdftex.def)             Requested size: 216.80946pt x 136.5159pt.

Underfull \hbox (badness 2027) in paragraph at lines 5279--5279
[]\OT1/cmr/m/n/12 Bandnudeln in ko-chen-dem Salz-was-ser nach Pa-ckungs-an-wei-
sung ga-ren. So-^^Ye even-tu-ell
 []

[63 <./image/cookbook_8.jpg>] [64] [65]
<image/cookbook_9.jpg, id=1319, 216.81pt x 136.51pt>
File: image/cookbook_9.jpg Graphic file (type jpg)

<use image/cookbook_9.jpg>
Package pdftex.def Info: image/cookbook_9.jpg used on input line 5530.
(pdftex.def)             Requested size: 216.80946pt x 136.5159pt.
 [66] [67 <./image/cookbook_9.jpg>] [68] [69]
[70] [71] [72] [73] [74] [75] [76] [77] [78] [79] [80] [81] [82] [83] [84]
[85] [86] [87] [88] [89] [90] [91] [92] [93] [94] [95] [96] [97] [98] [99]
<image/cookbook_10.jpg, id=1463, 537.00626pt x 402.50375pt>
File: image/cookbook_10.jpg Graphic file (type jpg)

<use image/cookbook_10.jpg>
Package pdftex.def Info: image/cookbook_10.jpg used on input line 8746.
(pdftex.def)             Requested size: 238.84843pt x 179.02455pt.

Overfull \hbox (3.5pt too wide) in paragraph at lines 8746--8746
 [] 
 []

[100] [101 <./image/cookbook_10.jpg>] [102] [103] [104] [105]
<image/cookbook_11.jpg, id=1490, 216.81pt x 136.51pt>
File: image/cookbook_11.jpg Graphic file (type jpg)

<use image/cookbook_11.jpg>
Package pdftex.def Info: image/cookbook_11.jpg used on input line 9214.
(pdftex.def)             Requested size: 216.80946pt x 136.5159pt.
 [106 <./image/cookbook_11.jpg>]
<image/cookbook_12.jpg, id=1495, 219.82124pt x 136.51pt>
File: image/cookbook_12.jpg Graphic file (type jpg)

<use image/cookbook_12.jpg>
Package pdftex.def Info: image/cookbook_12.jpg used on input line 9306.
(pdftex.def)             Requested size: 219.8207pt x 136.51382pt.
 [107 <./image/cookbook_12.jpg>]
<image/cookbook_13.jpg, id=1500, 216.81pt x 136.51pt>
File: image/cookbook_13.jpg Graphic file (type jpg)

<use image/cookbook_13.jpg>
Package pdftex.def Info: image/cookbook_13.jpg used on input line 9421.
(pdftex.def)             Requested size: 216.80946pt x 136.5159pt.
 [108] [109 <./image/cookbook_13.jpg>] [110]
[111]) (./kochbuchfuss.tex [112] (./cookbook.ind
Overfull \hbox (1.25084pt too wide) in paragraph at lines 9--11
[]| \OT1/cmr/m/n/12 Gef[]ull-ter Blu-men-kohl mit K[]ase-hau-be, [][]82[][] 
 []


Overfull \hbox (1.65776pt too wide) in paragraph at lines 76--78
[]| \OT1/cmr/m/n/12 Allg[]auer K[]ase-krap-fen auf To-ma-ten-rahm,
 []


Overfull \hbox (1.25084pt too wide) in paragraph at lines 96--98
[]| \OT1/cmr/m/n/12 Gef[]ull-ter Blu-men-kohl mit K[]ase-hau-be, [][]82[][] 
 []


Overfull \hbox (5.73967pt too wide) in paragraph at lines 107--109
[]| \OT1/cmr/m/n/12 Mischpilz-Ragout mit Sem-mel-kn[]odeln, [][]83[][] 
 []

[113

]
Overfull \hbox (10.60905pt too wide) in paragraph at lines 120--122
[]| \OT1/cmr/m/n/12 Couscous--Salat mit Oran-gen-so-^^Ye und Chi-
 []


Overfull \hbox (10.60905pt too wide) in paragraph at lines 124--126
[]| \OT1/cmr/m/n/12 Couscous--Salat mit Oran-gen-so-^^Ye und Chi-
 []


Overfull \hbox (24.40477pt too wide) in paragraph at lines 137--139
[]| \OT1/cmr/m/n/12 Po-chier-te Pfir-si-che mit Dickmilch-Kaltschale,
 []


Overfull \hbox (15.68124pt too wide) in paragraph at lines 147--149
[]| \OT1/cmr/m/n/12 Ge-ba-cke-ne Zuc-chi-ni mit Blau-schim-melk[]ase,
 []


Overfull \hbox (28.32555pt too wide) in paragraph at lines 189--191
[]| \OT1/cmr/m/n/12 Fisch-fi-let auf To-ma-ten ged[]uns-tet mit Kr[]auter-
 []


Overfull \hbox (4.42996pt too wide) in paragraph at lines 198--200
[]| \OT1/cmr/m/n/12 H[]uhn-chen mit Oli-ven, Apri-ko-sen und Fei-
 []


Overfull \hbox (4.42996pt too wide) in paragraph at lines 213--215
[]| \OT1/cmr/m/n/12 H[]uhn-chen mit Oli-ven, Apri-ko-sen und Fei-
 []

[114]
Overfull \hbox (1.25291pt too wide) in paragraph at lines 242--244
[]| \OT1/cmr/m/n/12 Wir-sin-grou-la-den mit Grau-penf[]ullung, [][]28[][] 
 []


Overfull \hbox (56.65997pt too wide) in paragraph at lines 254--256
[]| \OT1/cmr/m/n/12 Can-nel-lo-ni di car-ne (Can-nel-lo-ni mit Fleischf[]ullung
),
 []


Overfull \hbox (1.25084pt too wide) in paragraph at lines 257--259
[]| \OT1/cmr/m/n/12 Gef[]ull-ter Blu-men-kohl mit K[]ase-hau-be, [][]82[][] 
 []


Overfull \hbox (0.80919pt too wide) in paragraph at lines 259--261
[]| \OT1/cmr/m/n/12 Lasa-gne al-la Bo-lo-gne-se (Lasa-gne mit Bo-
 []


Overfull \hbox (28.32555pt too wide) in paragraph at lines 267--269
[]| \OT1/cmr/m/n/12 Fisch-fi-let auf To-ma-ten ged[]uns-tet mit Kr[]auter-
 []


Overfull \hbox (8.33548pt too wide) in paragraph at lines 270--272
[]| \OT1/cmr/m/n/12 Zucchini--Tomaten--Gem[]use mit Hir-se und
 []


Overfull \hbox (8.33548pt too wide) in paragraph at lines 275--277
[]| \OT1/cmr/m/n/12 Zucchini--Tomaten--Gem[]use mit Hir-se und
 []


Overfull \hbox (10.60905pt too wide) in paragraph at lines 286--288
[]| \OT1/cmr/m/n/12 Couscous--Salat mit Oran-gen-so-^^Ye und Chi-
 []


Overfull \hbox (56.65997pt too wide) in paragraph at lines 296--298
[]| \OT1/cmr/m/n/12 Can-nel-lo-ni di car-ne (Can-nel-lo-ni mit Fleischf[]ullung
),
 []


Overfull \hbox (3.87303pt too wide) in paragraph at lines 298--300
[]| \OT1/cmr/m/n/12 Fet-tuc-ci-ne all'Alfredo (Fet-tuc-ci-ne mit Al-
 []


Overfull \hbox (0.80919pt too wide) in paragraph at lines 301--303
[]| \OT1/cmr/m/n/12 Lasa-gne al-la Bo-lo-gne-se (Lasa-gne mit Bo-
 []


Overfull \hbox (9.2593pt too wide) in paragraph at lines 317--319
\OT1/cmr/m/n/12 tel-lo-ni mit Ricotta-Petersilienf[]ullung),
 []


Overfull \hbox (2.70428pt too wide) in paragraph at lines 327--329
[]| \OT1/cmr/m/n/12 Ma-ri-nier-te Zuc-chi-ni mit Jo-ghurt-dres-sing,
 []

[115]
Overfull \hbox (1.65776pt too wide) in paragraph at lines 337--339
[]| \OT1/cmr/m/n/12 Allg[]auer K[]ase-krap-fen auf To-ma-ten-rahm,
 []


Overfull \hbox (1.25084pt too wide) in paragraph at lines 344--346
[]| \OT1/cmr/m/n/12 Gef[]ull-ter Blu-men-kohl mit K[]ase-hau-be, [][]82[][] 
 []


Overfull \hbox (3.5508pt too wide) in paragraph at lines 355--357
[]| \OT1/cmr/m/n/12 Zwiebel-Hokkaido-Kuchen - gro^^Y und mit
 []


Overfull \hbox (33.90259pt too wide) in paragraph at lines 358--360
[]| \OT1/cmr/m/n/12 Emmentaler--Kr[]auter--Roulade mit Pilzf[]ullung,
 []


Overfull \hbox (3.5508pt too wide) in paragraph at lines 371--373
[]| \OT1/cmr/m/n/12 Zwiebel-Hokkaido-Kuchen - gro^^Y und mit
 []


Overfull \hbox (3.22441pt too wide) in paragraph at lines 373--375
[]| \OT1/cmr/m/n/12 Zwiebel-Hokkaido-Kuchen - klein und ve-
 []


Overfull \hbox (3.87303pt too wide) in paragraph at lines 378--380
[]| \OT1/cmr/m/n/12 Fet-tuc-ci-ne all'Alfredo (Fet-tuc-ci-ne mit Al-
 []


Overfull \hbox (3.35498pt too wide) in paragraph at lines 380--382
[]| \OT1/cmr/m/n/12 Pi-kan-te Ka-ra-melsau-ce mit Pfir-si-chen und
 []


Overfull \hbox (13.97571pt too wide) in paragraph at lines 392--394
[]| \OT1/cmr/m/n/12 Kartoffel-Lauch-Auflauf mit Gem[]use-br[]uhe,
 []

[116]
Overfull \hbox (8.33548pt too wide) in paragraph at lines 441--443
[]| \OT1/cmr/m/n/12 Zucchini--Tomaten--Gem[]use mit Hir-se und
 []


Overfull \hbox (13.97571pt too wide) in paragraph at lines 447--449
[]| \OT1/cmr/m/n/12 Kartoffel-Lauch-Auflauf mit Gem[]use-br[]uhe,
 []


Overfull \hbox (10.60905pt too wide) in paragraph at lines 490--492
[]| \OT1/cmr/m/n/12 Couscous--Salat mit Oran-gen-so-^^Ye und Chi-
 []


Overfull \hbox (10.60905pt too wide) in paragraph at lines 500--502
[]| \OT1/cmr/m/n/12 Couscous--Salat mit Oran-gen-so-^^Ye und Chi-
 []


Overfull \hbox (28.32555pt too wide) in paragraph at lines 503--505
[]| \OT1/cmr/m/n/12 Fisch-fi-let auf To-ma-ten ged[]uns-tet mit Kr[]auter-
 []


Overfull \hbox (8.33548pt too wide) in paragraph at lines 508--510
[]| \OT1/cmr/m/n/12 Zucchini--Tomaten--Gem[]use mit Hir-se und
 []


Overfull \hbox (1.65776pt too wide) in paragraph at lines 511--513
[]| \OT1/cmr/m/n/12 Allg[]auer K[]ase-krap-fen auf To-ma-ten-rahm,
 []


Overfull \hbox (56.65997pt too wide) in paragraph at lines 538--540
[]| \OT1/cmr/m/n/12 Can-nel-lo-ni di car-ne (Can-nel-lo-ni mit Fleischf[]ullung
),
 []


Overfull \hbox (3.87303pt too wide) in paragraph at lines 542--544
[]| \OT1/cmr/m/n/12 Fet-tuc-ci-ne all'Alfredo (Fet-tuc-ci-ne mit Al-
 []


Overfull \hbox (0.80919pt too wide) in paragraph at lines 544--546
[]| \OT1/cmr/m/n/12 Lasa-gne al-la Bo-lo-gne-se (Lasa-gne mit Bo-
 []

[117]
Overfull \hbox (10.6549pt too wide) in paragraph at lines 553--555
[]| \OT1/cmr/m/n/12 Ricotta-Spinat-Gnocchi mit Stein-pilz-rahm
 []


Overfull \hbox (9.2593pt too wide) in paragraph at lines 563--565
\OT1/cmr/m/n/12 tel-lo-ni mit Ricotta-Petersilienf[]ullung),
 []


Overfull \hbox (5.73967pt too wide) in paragraph at lines 569--571
[]| \OT1/cmr/m/n/12 Mischpilz-Ragout mit Sem-mel-kn[]odeln, [][]83[][] 
 []


Overfull \hbox (9.2593pt too wide) in paragraph at lines 571--573
\OT1/cmr/m/n/12 tel-lo-ni mit Ricotta-Petersilienf[]ullung),
 []


Overfull \hbox (3.35498pt too wide) in paragraph at lines 574--576
[]| \OT1/cmr/m/n/12 Pi-kan-te Ka-ra-melsau-ce mit Pfir-si-chen und
 []


Overfull \hbox (24.40477pt too wide) in paragraph at lines 576--578
[]| \OT1/cmr/m/n/12 Po-chier-te Pfir-si-che mit Dickmilch-Kaltschale,
 []


Overfull \hbox (1.65776pt too wide) in paragraph at lines 579--581
[]| \OT1/cmr/m/n/12 Allg[]auer K[]ase-krap-fen auf To-ma-ten-rahm,
 []


Overfull \hbox (5.73967pt too wide) in paragraph at lines 585--587
[]| \OT1/cmr/m/n/12 Mischpilz-Ragout mit Sem-mel-kn[]odeln, [][]83[][] 
 []


Overfull \hbox (23.28394pt too wide) in paragraph at lines 592--594
[]| \OT1/cmr/m/n/12 Wild-kraft-br[]uhe mit Stein-pil-zen und Gem[]use-
 []


Overfull \hbox (56.65997pt too wide) in paragraph at lines 638--640
[]| \OT1/cmr/m/n/12 Can-nel-lo-ni di car-ne (Can-nel-lo-ni mit Fleischf[]ullung
),
 []


Overfull \hbox (0.80919pt too wide) in paragraph at lines 642--644
[]| \OT1/cmr/m/n/12 Lasa-gne al-la Bo-lo-gne-se (Lasa-gne mit Bo-
 []

[118]
Overfull \hbox (10.6549pt too wide) in paragraph at lines 732--734
[]| \OT1/cmr/m/n/12 Ricotta-Spinat-Gnocchi mit Stein-pilz-rahm
 []


Overfull \hbox (1.65776pt too wide) in paragraph at lines 743--745
[]| \OT1/cmr/m/n/12 Allg[]auer K[]ase-krap-fen auf To-ma-ten-rahm,
 []


Overfull \hbox (28.32555pt too wide) in paragraph at lines 748--750
[]| \OT1/cmr/m/n/12 Fisch-fi-let auf To-ma-ten ged[]uns-tet mit Kr[]auter-
 []

[119]
Overfull \hbox (8.33548pt too wide) in paragraph at lines 763--765
[]| \OT1/cmr/m/n/12 Zucchini--Tomaten--Gem[]use mit Hir-se und
 []


Overfull \hbox (10.60905pt too wide) in paragraph at lines 774--776
[]| \OT1/cmr/m/n/12 Couscous--Salat mit Oran-gen-so-^^Ye und Chi-
 []


Overfull \hbox (3.22441pt too wide) in paragraph at lines 785--787
[]| \OT1/cmr/m/n/12 Zwiebel-Hokkaido-Kuchen - klein und ve-
 []


Overfull \hbox (1.65776pt too wide) in paragraph at lines 788--790
[]| \OT1/cmr/m/n/12 Allg[]auer K[]ase-krap-fen auf To-ma-ten-rahm,
 []


Overfull \hbox (33.90259pt too wide) in paragraph at lines 806--808
[]| \OT1/cmr/m/n/12 Emmentaler--Kr[]auter--Roulade mit Pilzf[]ullung,
 []


Overfull \hbox (3.87303pt too wide) in paragraph at lines 810--812
[]| \OT1/cmr/m/n/12 Fet-tuc-ci-ne all'Alfredo (Fet-tuc-ci-ne mit Al-
 []


Overfull \hbox (15.68124pt too wide) in paragraph at lines 815--817
[]| \OT1/cmr/m/n/12 Ge-ba-cke-ne Zuc-chi-ni mit Blau-schim-melk[]ase,
 []


Overfull \hbox (13.97571pt too wide) in paragraph at lines 834--836
[]| \OT1/cmr/m/n/12 Kartoffel-Lauch-Auflauf mit Gem[]use-br[]uhe,
 []


Overfull \hbox (2.70428pt too wide) in paragraph at lines 845--847
[]| \OT1/cmr/m/n/12 Ma-ri-nier-te Zuc-chi-ni mit Jo-ghurt-dres-sing,
 []


Overfull \hbox (5.73967pt too wide) in paragraph at lines 847--849
[]| \OT1/cmr/m/n/12 Mischpilz-Ragout mit Sem-mel-kn[]odeln, [][]83[][] 
 []


Overfull \hbox (3.35498pt too wide) in paragraph at lines 854--856
[]| \OT1/cmr/m/n/12 Pi-kan-te Ka-ra-melsau-ce mit Pfir-si-chen und
 []


Overfull \hbox (24.40477pt too wide) in paragraph at lines 857--859
[]| \OT1/cmr/m/n/12 Po-chier-te Pfir-si-che mit Dickmilch-Kaltschale,
 []


Overfull \hbox (10.6549pt too wide) in paragraph at lines 862--864
[]| \OT1/cmr/m/n/12 Ricotta-Spinat-Gnocchi mit Stein-pilz-rahm
 []

[120]
Overfull \hbox (9.2593pt too wide) in paragraph at lines 886--888
\OT1/cmr/m/n/12 tel-lo-ni mit Ricotta-Petersilienf[]ullung),
 []


Overfull \hbox (1.25291pt too wide) in paragraph at lines 890--892
[]| \OT1/cmr/m/n/12 Wir-sin-grou-la-den mit Grau-penf[]ullung, [][]28[][] 
 []


Overfull \hbox (56.65997pt too wide) in paragraph at lines 907--909
[]| \OT1/cmr/m/n/12 Can-nel-lo-ni di car-ne (Can-nel-lo-ni mit Fleischf[]ullung
),
 []


Overfull \hbox (4.42996pt too wide) in paragraph at lines 917--919
[]| \OT1/cmr/m/n/12 H[]uhn-chen mit Oli-ven, Apri-ko-sen und Fei-
 []


Overfull \hbox (13.97571pt too wide) in paragraph at lines 923--925
[]| \OT1/cmr/m/n/12 Kartoffel-Lauch-Auflauf mit Gem[]use-br[]uhe,
 []


Overfull \hbox (0.80919pt too wide) in paragraph at lines 929--931
[]| \OT1/cmr/m/n/12 Lasa-gne al-la Bo-lo-gne-se (Lasa-gne mit Bo-
 []


Overfull \hbox (23.28394pt too wide) in paragraph at lines 965--967
[]| \OT1/cmr/m/n/12 Wild-kraft-br[]uhe mit Stein-pil-zen und Gem[]use-
 []


Overfull \hbox (1.25291pt too wide) in paragraph at lines 968--970
[]| \OT1/cmr/m/n/12 Wir-sin-grou-la-den mit Grau-penf[]ullung, [][]28[][] 
 []

[121]
Overfull \hbox (15.68124pt too wide) in paragraph at lines 977--979
[]| \OT1/cmr/m/n/12 Ge-ba-cke-ne Zuc-chi-ni mit Blau-schim-melk[]ase,
 []


Overfull \hbox (2.70428pt too wide) in paragraph at lines 979--981
[]| \OT1/cmr/m/n/12 Ma-ri-nier-te Zuc-chi-ni mit Jo-ghurt-dres-sing,
 []


Overfull \hbox (8.33548pt too wide) in paragraph at lines 982--984
[]| \OT1/cmr/m/n/12 Zucchini--Tomaten--Gem[]use mit Hir-se und
 []


Overfull \hbox (3.5508pt too wide) in paragraph at lines 995--997
[]| \OT1/cmr/m/n/12 Zwiebel-Hokkaido-Kuchen - gro^^Y und mit
 []


Overfull \hbox (3.22441pt too wide) in paragraph at lines 997--999
[]| \OT1/cmr/m/n/12 Zwiebel-Hokkaido-Kuchen - klein und ve-
 []

[122

])
Package atveryend Info: Empty hook `BeforeClearDocument' on input line 8.
Package atveryend Info: Empty hook `AfterLastShipout' on input line 8.
 (./cookbook.aux)
Package atveryend Info: Executing hook `AtVeryEndDocument' on input line 8.
Package atveryend Info: Executing hook `AtEndAfterFileList' on input line 8.
Package rerunfilecheck Info: File `cookbook.out' has not changed.
(rerunfilecheck)             Checksum: BDF815166D606706ED598E5534191B74;15553.
Package atveryend Info: Empty hook `AtVeryVeryEnd' on input line 8.
 ) ) 
Here is how much of TeX's memory you used:
 8944 strings out of 493014
 139040 string characters out of 6133351
 323438 words of memory out of 5000000
 12054 multiletter control sequences out of 15000+600000
 9779 words of font info for 34 fonts, out of 8000000 for 9000
 1141 hyphenation exceptions out of 8191
 45i,9n,51p,8525b,416s stack positions out of 5000i,500n,10000p,200000b,80000s
</usr/local/texlive/2016/texmf-dist/fonts/type1/public/amsfonts/cm/cmbx12.p
fb></usr/local/texlive/2016/texmf-dist/fonts/type1/public/amsfonts/cm/cmr12.pfb
></usr/local/texlive/2016/texmf-dist/fonts/type1/public/amsfonts/cm/cmr17.pfb><
/usr/local/texlive/2016/texmf-dist/fonts/type1/public/amsfonts/cm/cmsl12.pfb></
usr/local/texlive/2016/texmf-dist/fonts/type1/public/amsfonts/cm/cmssbx10.pfb><
/usr/local/texlive/2016/texmf-dist/fonts/type1/public/amsfonts/cm/cmsy8.pfb></u
sr/local/texlive/2016/texmf-dist/fonts/type1/public/amsfonts/cm/cmti12.pfb>
Output written on cookbook.pdf (122 pages, 708881 bytes).
PDF statistics:
 2278 PDF objects out of 2487 (max. 8388607)
 2112 compressed objects within 22 object streams
 329 named destinations out of 1000 (max. 500000)
 1698 words of extra memory for PDF output out of 10000 (max. 10000000)

