============================Information==============================

Zeit: Sat Jul 22 11:57:41 CEST 2017
Importierte Dateien:
     Chefkoch-Menue.mm

Importierte Titel(58):
     APFELROSAGE MIT ZIMTEIS UND KARAMELSAUCE
     APFELSTRUDEL MIT VANILLESABAYON
     BIRNE MIT SCHOKOMOUSSE UND TONKOBOHNEN-SOBAYON
     BRATÄPFEL MIT HASELNUSSFÜLLUNG UND LEBKUCHENSOUFFLÉSAUCE
     CASSATA-EISPARFAIT MIT BASILIKUM-SABAYON
     CHARLOTTE VON PASSIONSFRUCHT MIT MARINIERTEN HIMBEEREN
     CLAIRE FONTAINE À LORANGE
     CREME CARAMEL NACH CHRISTIAN HENZE
     FEIGEN IN CASSIS MIT VANILLEEIS UND WEISSEM ZIMTSABAYON
     FRÜCHTEKORB MIT KOKOS-JOGHURT-SAUCE
     GESCHMORTE FRÜCHTE NACH RAINER SASS
     GETRÄNKTER ORANGENKUCHEN MIT GEWÜRZORANGENRAGOUT
     GRANITÉ VON CHAMPAGNER MIT HIMBEEREN UND PFIRSICHEN
     GRIESSFLAMMERI NACH RAINER SASS
     JOHANN LAFER´S MOHREKOPP
     KASTANIEN-OFENKÜCHLEIN
     KLEINE, LAUWARME APFELSTRUDEL AUF SEKTSCHAUM
     LAUWARMER SCHOKOLADENKUCHEN MIT KUMQUATS
     LEBKUCHENKNÖDEL AUF GLASIERTEN APFELSPALTEN MIT ZIMTEIS
     LEBKUCHENMOUSSE MIT GLÜHWEINSAUCE
     MARINIERTE SOMMERBEEREN MIT CHAMPAGNERSABAYON & -EIS
     MARONENSOUFFLÉS
     PASSIONSFRUCHT-BANANENTARTE
     POCHIERTE PORTWEINFEIGEN MIT KARAMELLEIS
     PRALINENMOUSSE MIT GLASIERTEN BAUMTOMATEN
     PUNSCHMOUSSE IM STRUDELTEIGBLATT MIT WALDBEEREN
     QUITTENSÜPPCHEN MIT PFLAUMENWEIN UND FEIGENSTRUDEL
     RHABARBERAUFLAUF MIT KARAMELL-HONIG-SAUCE
     SCHOKOLADEN-MILLEFEUILLE MIT GEEISTEM MOKKASCHAUM
     SÜSSES HOLUNDERBLÜTEN-RISOTTO MIT RHABARBER
     TAHITI VANILLECREME MIT ERDBEEREN UND SÜSSEN ZITRONEN
     TÖRTCHEN VON DER WILLIAMSBIRNE UND KROKANTEIS
     WALDMEISTERKALTSCHALE MIT ERDBEEREN
     WARMER SCHOKOLADENAUFLAUF MIT MARINIERTEN ZITRUSFRÜCHTEN
     ANGUS-RINDERLENDE IN PETERSILIEN-KAROTTEN-NAGE
     GESCHMORTE KALBSBÄCKCHEN MIT CROUSTILLANT VOM KALB
     GRATINIERTES RINDERSTEAK MIT CHAMPIGNON-LAUCHGEMÜSE
     KALBSFILET IN PROVENCEAROMEN MIT SAUCE RICHE, VANILLE
     KLEINE GEFÜLLTE KALBSSCHNITZEL
     LAMMKARREE IN DER OLIVENKRUSTE MIT FRÜHLINGSLAUCH
     LAMMKEULE IN DER KRÄUTERKRUSTE
     PROVENZALISCHES KALBSFILET MIT PAPRIKA
     ROSA GEFÄCHERTE LAMMKRONE AUF THYMIANGLACE
     SALTIM-BOCCA VOM LAMM MIT ZUCCHINI-SPAGHETTINI
     SCHWEINEFILET IN ORANGENSAUCE NACH RAINER SASS
     SCHWEINELEITERLE MIT WIRSING UND BUBENSPITZLE
     WACHOLDERGEWÜRZTES HASENRÜCKENFILET MIT RAHMWIRSING
     BRETONISCHE LOTTE IN KNOBLAUCH GEBRATEN AUF ZUCCHINI
     FRICASSÉE VON KARPFEN AUF ROTE-BETE-KRANZ MIT MEERRETTICH
     GEBRATENES WOLFSBARSCHFILET MIT EINEM SUD AUS MANGOLD
     LACHS IM SALZTEIG NACH RAINER SASS
     LACHSFORELLE UND ZANDER IM KARTOFFELMANTEL GEBRATEN
     LANGUSTINEN UND ROTBARBE IN ZWEIERLEI PETERSILIENSAUCE
     MIT KRÄUTERN GEBRATENE BACHSAIBLINGFILETS UND BÄRLAUCH
     SOUFFLIERTER LACHS IM BLÄTTERTEIGSCHIFF MIT RAHMSPINAT
     STEINBUTTFILET MIT STAUDENSELLERIESCHUPPEN AUF SAFRAN
     ZANDER MIT WÜRZTOMATEN UND THUNFISCH-KAPERN-SAUCE
     KRÄUTERSUPPE MIT SAFRAN

------------------------YO! OH!-------------------------
ERFOLGREICH ERSTELLT

==================================END================================


